<?xml version="1.0" encoding="UTF-8"?>
<!-- Generated by org.testng.reporters.JUnitReportReporter -->
<testsuite hostname="DESKTOP-7N5R1H4" failures="0" tests="3" name="runners.TestRunner" time="7.064" errors="0" timestamp="2021-02-17T18:09:01 IST" skipped="0">
  <testcase classname="runners.TestRunner" name="test" time="0.012"/>
  <system-out/>
  <testcase classname="runners.TestRunner" name="runScenario" time="4.839"/>
  <system-out/>
  <testcase classname="runners.TestRunner" name="runScenario" time="2.213"/>
  <system-out/>
</testsuite> <!-- runners.TestRunner -->
